-------------------------------------------------------------------------------
Test set: com.construccion.proyecto.DaoReservasTest
-------------------------------------------------------------------------------
Tests run: 6, Failures: 6, Errors: 0, Skipped: 0, Time elapsed: 0.86 s <<< FAILURE! - in com.construccion.proyecto.DaoReservasTest
testEliminarReservacion(com.construccion.proyecto.DaoReservasTest)  Time elapsed: 0.719 s  <<< FAILURE!
java.lang.AssertionError: La reservación debería haberse eliminado
	at com.construccion.proyecto.DaoReservasTest.testEliminarReservacion(DaoReservasTest.java:54)

testObtenerFechasOcupadasPorHabitacion(com.construccion.proyecto.DaoReservasTest)  Time elapsed: 0.025 s  <<< FAILURE!
java.lang.AssertionError: El mapa debería contener la habitación de la reservación
	at com.construccion.proyecto.DaoReservasTest.testObtenerFechasOcupadasPorHabitacion(DaoReservasTest.java:89)

testBuscarReservacion(com.construccion.proyecto.DaoReservasTest)  Time elapsed: 0.019 s  <<< FAILURE!
java.lang.AssertionError: La reservación buscada debería existir
	at com.construccion.proyecto.DaoReservasTest.testBuscarReservacion(DaoReservasTest.java:101)

testObtenerReservaciones(com.construccion.proyecto.DaoReservasTest)  Time elapsed: 0.019 s  <<< FAILURE!
java.lang.AssertionError: La reservación debería estar en la lista
	at com.construccion.proyecto.DaoReservasTest.testObtenerReservaciones(DaoReservasTest.java:80)

testAgregarReservacion(com.construccion.proyecto.DaoReservasTest)  Time elapsed: 0.014 s  <<< FAILURE!
java.lang.AssertionError: La reservación debería haberse agregado
	at com.construccion.proyecto.DaoReservasTest.testAgregarReservacion(DaoReservasTest.java:43)

testModificarReservacion(com.construccion.proyecto.DaoReservasTest)  Time elapsed: 0.022 s  <<< FAILURE!
java.lang.AssertionError: La reservación modificada debería existir
	at com.construccion.proyecto.DaoReservasTest.testModificarReservacion(DaoReservasTest.java:67)

