<?xml version="1.0" encoding="UTF-8"?>
<testsuite xmlns:xsi="http://www.w3.org/2001/XMLSchema-instance" xsi:noNamespaceSchemaLocation="https://maven.apache.org/surefire/maven-surefire-plugin/xsd/surefire-test-report.xsd" name="com.construccion.proyecto.DaoReservasTest" time="0.86" tests="6" errors="0" skipped="0" failures="6">
  <properties>
[...]
</properties>
  <testcase name="testEliminarReservacion" classname="com.construccion.proyecto.DaoReservasTest" time="0.719">
    <failure message="La reservación debería haberse eliminado" type="java.lang.AssertionError">java.lang.AssertionError: La reservación debería haberse eliminado
	at com.construccion.proyecto.DaoReservasTest.testEliminarReservacion(DaoReservasTest.java:54)
</failure>
  </testcase>
  <testcase name="testObtenerFechasOcupadasPorHabitacion" classname="com.construccion.proyecto.DaoReservasTest" time="0.025">
    <failure message="El mapa debería contener la habitación de la reservación" type="java.lang.AssertionError">java.lang.AssertionError: El mapa debería contener la habitación de la reservación
	at com.construccion.proyecto.DaoReservasTest.testObtenerFechasOcupadasPorHabitacion(DaoReservasTest.java:89)
</failure>
  </testcase>
  <testcase name="testBuscarReservacion" classname="com.construccion.proyecto.DaoReservasTest" time="0.019">
    <failure message="La reservación buscada debería existir" type="java.lang.AssertionError">java.lang.AssertionError: La reservación buscada debería existir
	at com.construccion.proyecto.DaoReservasTest.testBuscarReservacion(DaoReservasTest.java:101)
</failure>
  </testcase>
  <testcase name="testObtenerReservaciones" classname="com.construccion.proyecto.DaoReservasTest" time="0.019">
    <failure message="La reservación debería estar en la lista" type="java.lang.AssertionError">java.lang.AssertionError: La reservación debería estar en la lista
	at com.construccion.proyecto.DaoReservasTest.testObtenerReservaciones(DaoReservasTest.java:80)
</failure>
  </testcase>
  <testcase name="testAgregarReservacion" classname="com.construccion.proyecto.DaoReservasTest" time="0.014">
    <failure message="La reservación debería haberse agregado" type="java.lang.AssertionError">java.lang.AssertionError: La reservación debería haberse agregado
	at com.construccion.proyecto.DaoReservasTest.testAgregarReservacion(DaoReservasTest.java:43)
</failure>
  </testcase>
  <testcase name="testModificarReservacion" classname="com.construccion.proyecto.DaoReservasTest" time="0.022">
    <failure message="La reservación modificada debería existir" type="java.lang.AssertionError">java.lang.AssertionError: La reservación modificada debería existir
	at com.construccion.proyecto.DaoReservasTest.testModificarReservacion(DaoReservasTest.java:67)
</failure>
    <system-out><![CDATA[No se encontró ninguna reservación con el ID especificado.
]]></system-out>
  </testcase>
</testsuite>