<?xml version="1.0" encoding="UTF-8"?>
<testsuite xmlns:xsi="http://www.w3.org/2001/XMLSchema-instance" xsi:noNamespaceSchemaLocation="https://maven.apache.org/surefire/maven-surefire-plugin/xsd/surefire-test-report.xsd" name="com.construccion.proyecto.DaoHabitacionesTest" time="0.848" tests="9" errors="0" skipped="0" failures="0">
  <properties>
[...]
</properties>
  <testcase name="testActualizarDisponibilidad" classname="com.construccion.proyecto.DaoHabitacionesTest" time="0.719"/>
  <testcase name="testBuscarHabitacionPorTipo" classname="com.construccion.proyecto.DaoHabitacionesTest" time="0.008"/>
  <testcase name="testBuscarHabitacionesDisponiblesPorTipoYFechas" classname="com.construccion.proyecto.DaoHabitacionesTest" time="0.028"/>
  <testcase name="testGetAllHabitaciones" classname="com.construccion.proyecto.DaoHabitacionesTest" time="0.008"/>
  <testcase name="testBuscarHabitacion" classname="com.construccion.proyecto.DaoHabitacionesTest" time="0.008"/>
  <testcase name="testAgregarHabitacion" classname="com.construccion.proyecto.DaoHabitacionesTest" time="0.008"/>
  <testcase name="testGetHabitacionesPorTipo" classname="com.construccion.proyecto.DaoHabitacionesTest" time="0.006"/>
  <testcase name="testEliminarHabitacion" classname="com.construccion.proyecto.DaoHabitacionesTest" time="0.01"/>
  <testcase name="testModificarHabitacion" classname="com.construccion.proyecto.DaoHabitacionesTest" time="0.013"/>
</testsuite>